<?xml version="1.0" encoding="UTF-8"?>
<!-- Generated by org.testng.reporters.JUnitXMLReporter -->
<testsuite hostname="GauravB-LT" ignored="0" name="Test" tests="7" failures="0" timestamp="16 Jun 2017 11:39:56 GMT" time="51.587" errors="0">
  <testcase name="pkiLoginTest" time="6.571" classname="com.test.SikuliMaven.PkiLoginTest"/>
  <testcase name="pkiUserAddTest" time="16.37" classname="com.test.SikuliMaven.PkiUserAddTest"/>
  <testcase name="pkiUserEditTest" time="3.217" classname="com.test.SikuliMaven.PkiUserEditTest"/>
  <testcase name="pkiUserDeleteTest" time="4.04" classname="com.test.SikuliMaven.PkiUserDeleteTest"/>
  <testcase name="pkiCompanyAddTest" time="10.905" classname="com.test.SikuliMaven.PkiCompanyAddTest"/>
  <testcase name="pkiCompDeleteTest" time="8.15" classname="com.test.SikuliMaven.PkiCompanyDeleteTest"/>
  <testcase name="pkiToolApplicationExit" time="2.303" classname="com.test.SikuliMaven.PkiToolApplicationExitTest"/>
</testsuite> <!-- Test -->
