<?xml version="1.0" encoding="UTF-8"?>
<!-- Generated by org.testng.reporters.JUnitXMLReporter -->
<testsuite hostname="GauravB-LT" ignored="0" name="Test" tests="3" failures="0" timestamp="08 Jun 2017 12:32:42 GMT" time="30.384" errors="0">
  <testcase name="pkiLoginTest" time="7.453" classname="com.test.SikuliMaven.PkiLoginTest"/>
  <testcase name="pkiUserAddTest" time="16.208" classname="com.test.SikuliMaven.PkiUserAddTest"/>
  <testcase name="pkiUserDeleteTest" time="6.703" classname="com.test.SikuliMaven.PkiUserDeleteTest"/>
</testsuite> <!-- Test -->
