<?xml version="1.0" encoding="UTF-8"?>
<testng-results skipped="0" failed="0" ignored="0" total="7" passed="7">
  <reporter-output>
    <line>
      <![CDATA[management link is available]]>
    </line>
    <line>
      <![CDATA[Pki user option is found]]>
    </line>
  </reporter-output>
  <suite name="Suite" duration-ms="51587" started-at="2017-06-16T11:39:05Z" finished-at="2017-06-16T11:39:56Z">
    <groups>
    </groups>
    <test name="Test" duration-ms="51587" started-at="2017-06-16T11:39:05Z" finished-at="2017-06-16T11:39:56Z">
      <class name="com.test.SikuliMaven.PkiCompanyAddTest">
        <test-method status="PASS" signature="pkiCompanyAddTest()[pri:0, instance:com.test.SikuliMaven.PkiCompanyAddTest@724af044]" name="pkiCompanyAddTest" duration-ms="10905" started-at="2017-06-16T17:09:35Z" finished-at="2017-06-16T17:09:46Z">
          <reporter-output>
          </reporter-output>
        </test-method> <!-- pkiCompanyAddTest -->
      </class> <!-- com.test.SikuliMaven.PkiCompanyAddTest -->
      <class name="com.test.SikuliMaven.PkiLoginTest">
        <test-method status="PASS" signature="pkiLoginTest()[pri:0, instance:com.test.SikuliMaven.PkiLoginTest@1b604f19]" name="pkiLoginTest" duration-ms="6571" started-at="2017-06-16T17:09:05Z" finished-at="2017-06-16T17:09:11Z">
          <reporter-output>
          </reporter-output>
        </test-method> <!-- pkiLoginTest -->
      </class> <!-- com.test.SikuliMaven.PkiLoginTest -->
      <class name="com.test.SikuliMaven.PkiToolApplicationExitTest">
        <test-method status="PASS" signature="pkiToolApplicationExit()[pri:0, instance:com.test.SikuliMaven.PkiToolApplicationExitTest@6767c1fc]" name="pkiToolApplicationExit" duration-ms="2303" started-at="2017-06-16T17:09:54Z" finished-at="2017-06-16T17:09:56Z">
          <reporter-output>
          </reporter-output>
        </test-method> <!-- pkiToolApplicationExit -->
      </class> <!-- com.test.SikuliMaven.PkiToolApplicationExitTest -->
      <class name="com.test.SikuliMaven.PkiCompanyDeleteTest">
        <test-method status="PASS" signature="pkiCompDeleteTest()[pri:0, instance:com.test.SikuliMaven.PkiCompanyDeleteTest@4678c730]" name="pkiCompDeleteTest" duration-ms="8150" started-at="2017-06-16T17:09:46Z" finished-at="2017-06-16T17:09:54Z">
          <reporter-output>
          </reporter-output>
        </test-method> <!-- pkiCompDeleteTest -->
      </class> <!-- com.test.SikuliMaven.PkiCompanyDeleteTest -->
      <class name="com.test.SikuliMaven.PkiUserAddTest">
        <test-method status="PASS" signature="pkiUserAddTest()[pri:0, instance:com.test.SikuliMaven.PkiUserAddTest@457e2f02]" name="pkiUserAddTest" duration-ms="16370" started-at="2017-06-16T17:09:11Z" finished-at="2017-06-16T17:09:28Z">
          <reporter-output>
            <line>
              <![CDATA[management link is available]]>
            </line>
            <line>
              <![CDATA[Pki user option is found]]>
            </line>
          </reporter-output>
        </test-method> <!-- pkiUserAddTest -->
      </class> <!-- com.test.SikuliMaven.PkiUserAddTest -->
      <class name="com.test.SikuliMaven.PkiUserEditTest">
        <test-method status="PASS" signature="pkiUserEditTest()[pri:0, instance:com.test.SikuliMaven.PkiUserEditTest@5c7fa833]" name="pkiUserEditTest" duration-ms="3217" started-at="2017-06-16T17:09:28Z" finished-at="2017-06-16T17:09:31Z">
          <reporter-output>
          </reporter-output>
        </test-method> <!-- pkiUserEditTest -->
      </class> <!-- com.test.SikuliMaven.PkiUserEditTest -->
      <class name="com.test.SikuliMaven.PkiUserDeleteTest">
        <test-method status="PASS" signature="pkiUserDeleteTest()[pri:0, instance:com.test.SikuliMaven.PkiUserDeleteTest@39aeed2f]" name="pkiUserDeleteTest" duration-ms="4040" started-at="2017-06-16T17:09:31Z" finished-at="2017-06-16T17:09:35Z">
          <reporter-output>
          </reporter-output>
        </test-method> <!-- pkiUserDeleteTest -->
      </class> <!-- com.test.SikuliMaven.PkiUserDeleteTest -->
    </test> <!-- Test -->
  </suite> <!-- Suite -->
</testng-results>
